<?xml version="1.0" encoding="UTF-8"?>
<testsuite xmlns:xsi="http://www.w3.org/2001/XMLSchema-instance" xsi:noNamespaceSchemaLocation="https://maven.apache.org/surefire/maven-surefire-plugin/xsd/surefire-test-report-3.0.xsd" version="3.0" name="com.coaltionbuilder.coalitionbuilder_be.CoalitionbuilderBeApplicationTests" time="2.579" tests="1" errors="0" skipped="0" failures="0">
  <properties>
    <property name="java.specification.version" value="17"/>
    <property name="sun.jnu.encoding" value="UTF-8"/>
    <property name="java.class.path" value="/Users/rruiter/Desktop/coalitionbuilder/coalitionbuilder_be/target/test-classes:/Users/rruiter/Desktop/coalitionbuilder/coalitionbuilder_be/target/classes:/Users/rruiter/Desktop/coalitionbuilder/coalitionbuilder_be/ruiterr/.m2/repository/org/springframework/boot/spring-boot-starter/3.1.5/spring-boot-starter-3.1.5.jar:/Users/rruiter/Desktop/coalitionbuilder/coalitionbuilder_be/ruiterr/.m2/repository/org/springframework/boot/spring-boot/3.1.5/spring-boot-3.1.5.jar:/Users/rruiter/Desktop/coalitionbuilder/coalitionbuilder_be/ruiterr/.m2/repository/org/springframework/spring-context/6.0.13/spring-context-6.0.13.jar:/Users/rruiter/Desktop/coalitionbuilder/coalitionbuilder_be/ruiterr/.m2/repository/org/springframework/boot/spring-boot-autoconfigure/3.1.5/spring-boot-autoconfigure-3.1.5.jar:/Users/rruiter/Desktop/coalitionbuilder/coalitionbuilder_be/ruiterr/.m2/repository/org/springframework/boot/spring-boot-starter-logging/3.1.5/spring-boot-starter-logging-3.1.5.jar:/Users/rruiter/Desktop/coalitionbuilder/coalitionbuilder_be/ruiterr/.m2/repository/ch/qos/logback/logback-classic/1.4.11/logback-classic-1.4.11.jar:/Users/rruiter/Desktop/coalitionbuilder/coalitionbuilder_be/ruiterr/.m2/repository/ch/qos/logback/logback-core/1.4.11/logback-core-1.4.11.jar:/Users/rruiter/Desktop/coalitionbuilder/coalitionbuilder_be/ruiterr/.m2/repository/org/apache/logging/log4j/log4j-to-slf4j/2.20.0/log4j-to-slf4j-2.20.0.jar:/Users/rruiter/Desktop/coalitionbuilder/coalitionbuilder_be/ruiterr/.m2/repository/org/apache/logging/log4j/log4j-api/2.20.0/log4j-api-2.20.0.jar:/Users/rruiter/Desktop/coalitionbuilder/coalitionbuilder_be/ruiterr/.m2/repository/org/slf4j/jul-to-slf4j/2.0.9/jul-to-slf4j-2.0.9.jar:/Users/rruiter/Desktop/coalitionbuilder/coalitionbuilder_be/ruiterr/.m2/repository/jakarta/annotation/jakarta.annotation-api/2.1.1/jakarta.annotation-api-2.1.1.jar:/Users/rruiter/Desktop/coalitionbuilder/coalitionbuilder_be/ruiterr/.m2/repository/org/springframework/spring-core/6.0.13/spring-core-6.0.13.jar:/Users/rruiter/Desktop/coalitionbuilder/coalitionbuilder_be/ruiterr/.m2/repository/org/springframework/spring-jcl/6.0.13/spring-jcl-6.0.13.jar:/Users/rruiter/Desktop/coalitionbuilder/coalitionbuilder_be/ruiterr/.m2/repository/org/yaml/snakeyaml/1.33/snakeyaml-1.33.jar:/Users/rruiter/Desktop/coalitionbuilder/coalitionbuilder_be/ruiterr/.m2/repository/org/springframework/boot/spring-boot-starter-data-jpa/3.1.5/spring-boot-starter-data-jpa-3.1.5.jar:/Users/rruiter/Desktop/coalitionbuilder/coalitionbuilder_be/ruiterr/.m2/repository/org/springframework/boot/spring-boot-starter-aop/3.1.5/spring-boot-starter-aop-3.1.5.jar:/Users/rruiter/Desktop/coalitionbuilder/coalitionbuilder_be/ruiterr/.m2/repository/org/aspectj/aspectjweaver/1.9.20/aspectjweaver-1.9.20.jar:/Users/rruiter/Desktop/coalitionbuilder/coalitionbuilder_be/ruiterr/.m2/repository/org/springframework/boot/spring-boot-starter-jdbc/3.1.5/spring-boot-starter-jdbc-3.1.5.jar:/Users/rruiter/Desktop/coalitionbuilder/coalitionbuilder_be/ruiterr/.m2/repository/com/zaxxer/HikariCP/5.0.1/HikariCP-5.0.1.jar:/Users/rruiter/Desktop/coalitionbuilder/coalitionbuilder_be/ruiterr/.m2/repository/org/springframework/spring-jdbc/6.0.13/spring-jdbc-6.0.13.jar:/Users/rruiter/Desktop/coalitionbuilder/coalitionbuilder_be/ruiterr/.m2/repository/org/hibernate/orm/hibernate-core/6.2.13.Final/hibernate-core-6.2.13.Final.jar:/Users/rruiter/Desktop/coalitionbuilder/coalitionbuilder_be/ruiterr/.m2/repository/jakarta/persistence/jakarta.persistence-api/3.1.0/jakarta.persistence-api-3.1.0.jar:/Users/rruiter/Desktop/coalitionbuilder/coalitionbuilder_be/ruiterr/.m2/repository/jakarta/transaction/jakarta.transaction-api/2.0.1/jakarta.transaction-api-2.0.1.jar:/Users/rruiter/Desktop/coalitionbuilder/coalitionbuilder_be/ruiterr/.m2/repository/org/jboss/logging/jboss-logging/3.5.3.Final/jboss-logging-3.5.3.Final.jar:/Users/rruiter/Desktop/coalitionbuilder/coalitionbuilder_be/ruiterr/.m2/repository/org/hibernate/common/hibernate-commons-annotations/6.0.6.Final/hibernate-commons-annotations-6.0.6.Final.jar:/Users/rruiter/Desktop/coalitionbuilder/coalitionbuilder_be/ruiterr/.m2/repository/io/smallrye/jandex/3.0.5/jandex-3.0.5.jar:/Users/rruiter/Desktop/coalitionbuilder/coalitionbuilder_be/ruiterr/.m2/repository/com/fasterxml/classmate/1.5.1/classmate-1.5.1.jar:/Users/rruiter/Desktop/coalitionbuilder/coalitionbuilder_be/ruiterr/.m2/repository/net/bytebuddy/byte-buddy/1.14.9/byte-buddy-1.14.9.jar:/Users/rruiter/Desktop/coalitionbuilder/coalitionbuilder_be/ruiterr/.m2/repository/org/glassfish/jaxb/jaxb-runtime/4.0.3/jaxb-runtime-4.0.3.jar:/Users/rruiter/Desktop/coalitionbuilder/coalitionbuilder_be/ruiterr/.m2/repository/org/glassfish/jaxb/jaxb-core/4.0.3/jaxb-core-4.0.3.jar:/Users/rruiter/Desktop/coalitionbuilder/coalitionbuilder_be/ruiterr/.m2/repository/org/eclipse/angus/angus-activation/2.0.1/angus-activation-2.0.1.jar:/Users/rruiter/Desktop/coalitionbuilder/coalitionbuilder_be/ruiterr/.m2/repository/org/glassfish/jaxb/txw2/4.0.3/txw2-4.0.3.jar:/Users/rruiter/Desktop/coalitionbuilder/coalitionbuilder_be/ruiterr/.m2/repository/com/sun/istack/istack-commons-runtime/4.1.2/istack-commons-runtime-4.1.2.jar:/Users/rruiter/Desktop/coalitionbuilder/coalitionbuilder_be/ruiterr/.m2/repository/jakarta/inject/jakarta.inject-api/2.0.1/jakarta.inject-api-2.0.1.jar:/Users/rruiter/Desktop/coalitionbuilder/coalitionbuilder_be/ruiterr/.m2/repository/org/antlr/antlr4-runtime/4.10.1/antlr4-runtime-4.10.1.jar:/Users/rruiter/Desktop/coalitionbuilder/coalitionbuilder_be/ruiterr/.m2/repository/org/springframework/data/spring-data-jpa/3.1.5/spring-data-jpa-3.1.5.jar:/Users/rruiter/Desktop/coalitionbuilder/coalitionbuilder_be/ruiterr/.m2/repository/org/springframework/data/spring-data-commons/3.1.5/spring-data-commons-3.1.5.jar:/Users/rruiter/Desktop/coalitionbuilder/coalitionbuilder_be/ruiterr/.m2/repository/org/springframework/spring-orm/6.0.13/spring-orm-6.0.13.jar:/Users/rruiter/Desktop/coalitionbuilder/coalitionbuilder_be/ruiterr/.m2/repository/org/springframework/spring-tx/6.0.13/spring-tx-6.0.13.jar:/Users/rruiter/Desktop/coalitionbuilder/coalitionbuilder_be/ruiterr/.m2/repository/org/springframework/spring-beans/6.0.13/spring-beans-6.0.13.jar:/Users/rruiter/Desktop/coalitionbuilder/coalitionbuilder_be/ruiterr/.m2/repository/org/slf4j/slf4j-api/2.0.9/slf4j-api-2.0.9.jar:/Users/rruiter/Desktop/coalitionbuilder/coalitionbuilder_be/ruiterr/.m2/repository/org/springframework/spring-aspects/6.0.13/spring-aspects-6.0.13.jar:/Users/rruiter/Desktop/coalitionbuilder/coalitionbuilder_be/ruiterr/.m2/repository/org/springframework/boot/spring-boot-starter-security/3.1.5/spring-boot-starter-security-3.1.5.jar:/Users/rruiter/Desktop/coalitionbuilder/coalitionbuilder_be/ruiterr/.m2/repository/org/springframework/spring-aop/6.0.13/spring-aop-6.0.13.jar:/Users/rruiter/Desktop/coalitionbuilder/coalitionbuilder_be/ruiterr/.m2/repository/org/springframework/security/spring-security-config/6.1.5/spring-security-config-6.1.5.jar:/Users/rruiter/Desktop/coalitionbuilder/coalitionbuilder_be/ruiterr/.m2/repository/org/springframework/security/spring-security-core/6.1.5/spring-security-core-6.1.5.jar:/Users/rruiter/Desktop/coalitionbuilder/coalitionbuilder_be/ruiterr/.m2/repository/org/springframework/security/spring-security-crypto/6.1.5/spring-security-crypto-6.1.5.jar:/Users/rruiter/Desktop/coalitionbuilder/coalitionbuilder_be/ruiterr/.m2/repository/org/springframework/security/spring-security-web/6.1.5/spring-security-web-6.1.5.jar:/Users/rruiter/Desktop/coalitionbuilder/coalitionbuilder_be/ruiterr/.m2/repository/org/springframework/spring-expression/6.0.13/spring-expression-6.0.13.jar:/Users/rruiter/Desktop/coalitionbuilder/coalitionbuilder_be/ruiterr/.m2/repository/org/springframework/boot/spring-boot-starter-web/3.1.5/spring-boot-starter-web-3.1.5.jar:/Users/rruiter/Desktop/coalitionbuilder/coalitionbuilder_be/ruiterr/.m2/repository/org/springframework/boot/spring-boot-starter-json/3.1.5/spring-boot-starter-json-3.1.5.jar:/Users/rruiter/Desktop/coalitionbuilder/coalitionbuilder_be/ruiterr/.m2/repository/com/fasterxml/jackson/datatype/jackson-datatype-jdk8/2.15.3/jackson-datatype-jdk8-2.15.3.jar:/Users/rruiter/Desktop/coalitionbuilder/coalitionbuilder_be/ruiterr/.m2/repository/com/fasterxml/jackson/datatype/jackson-datatype-jsr310/2.15.3/jackson-datatype-jsr310-2.15.3.jar:/Users/rruiter/Desktop/coalitionbuilder/coalitionbuilder_be/ruiterr/.m2/repository/com/fasterxml/jackson/module/jackson-module-parameter-names/2.15.3/jackson-module-parameter-names-2.15.3.jar:/Users/rruiter/Desktop/coalitionbuilder/coalitionbuilder_be/ruiterr/.m2/repository/org/springframework/boot/spring-boot-starter-tomcat/3.1.5/spring-boot-starter-tomcat-3.1.5.jar:/Users/rruiter/Desktop/coalitionbuilder/coalitionbuilder_be/ruiterr/.m2/repository/org/apache/tomcat/embed/tomcat-embed-core/10.1.15/tomcat-embed-core-10.1.15.jar:/Users/rruiter/Desktop/coalitionbuilder/coalitionbuilder_be/ruiterr/.m2/repository/org/apache/tomcat/embed/tomcat-embed-el/10.1.15/tomcat-embed-el-10.1.15.jar:/Users/rruiter/Desktop/coalitionbuilder/coalitionbuilder_be/ruiterr/.m2/repository/org/apache/tomcat/embed/tomcat-embed-websocket/10.1.15/tomcat-embed-websocket-10.1.15.jar:/Users/rruiter/Desktop/coalitionbuilder/coalitionbuilder_be/ruiterr/.m2/repository/org/springframework/spring-web/6.0.13/spring-web-6.0.13.jar:/Users/rruiter/Desktop/coalitionbuilder/coalitionbuilder_be/ruiterr/.m2/repository/io/micrometer/micrometer-observation/1.11.5/micrometer-observation-1.11.5.jar:/Users/rruiter/Desktop/coalitionbuilder/coalitionbuilder_be/ruiterr/.m2/repository/io/micrometer/micrometer-commons/1.11.5/micrometer-commons-1.11.5.jar:/Users/rruiter/Desktop/coalitionbuilder/coalitionbuilder_be/ruiterr/.m2/repository/org/springframework/spring-webmvc/6.0.13/spring-webmvc-6.0.13.jar:/Users/rruiter/Desktop/coalitionbuilder/coalitionbuilder_be/ruiterr/.m2/repository/org/postgresql/postgresql/42.6.0/postgresql-42.6.0.jar:/Users/rruiter/Desktop/coalitionbuilder/coalitionbuilder_be/ruiterr/.m2/repository/org/checkerframework/checker-qual/3.31.0/checker-qual-3.31.0.jar:/Users/rruiter/Desktop/coalitionbuilder/coalitionbuilder_be/ruiterr/.m2/repository/org/projectlombok/lombok/1.18.30/lombok-1.18.30.jar:/Users/rruiter/Desktop/coalitionbuilder/coalitionbuilder_be/ruiterr/.m2/repository/io/jsonwebtoken/jjwt-api/0.11.5/jjwt-api-0.11.5.jar:/Users/rruiter/Desktop/coalitionbuilder/coalitionbuilder_be/ruiterr/.m2/repository/io/jsonwebtoken/jjwt-impl/0.11.5/jjwt-impl-0.11.5.jar:/Users/rruiter/Desktop/coalitionbuilder/coalitionbuilder_be/ruiterr/.m2/repository/io/jsonwebtoken/jjwt-jackson/0.11.5/jjwt-jackson-0.11.5.jar:/Users/rruiter/Desktop/coalitionbuilder/coalitionbuilder_be/ruiterr/.m2/repository/com/fasterxml/jackson/core/jackson-databind/2.15.3/jackson-databind-2.15.3.jar:/Users/rruiter/Desktop/coalitionbuilder/coalitionbuilder_be/ruiterr/.m2/repository/com/fasterxml/jackson/core/jackson-annotations/2.15.3/jackson-annotations-2.15.3.jar:/Users/rruiter/Desktop/coalitionbuilder/coalitionbuilder_be/ruiterr/.m2/repository/com/fasterxml/jackson/core/jackson-core/2.15.3/jackson-core-2.15.3.jar:/Users/rruiter/Desktop/coalitionbuilder/coalitionbuilder_be/ruiterr/.m2/repository/org/springframework/boot/spring-boot-starter-test/3.1.5/spring-boot-starter-test-3.1.5.jar:/Users/rruiter/Desktop/coalitionbuilder/coalitionbuilder_be/ruiterr/.m2/repository/org/springframework/boot/spring-boot-test/3.1.5/spring-boot-test-3.1.5.jar:/Users/rruiter/Desktop/coalitionbuilder/coalitionbuilder_be/ruiterr/.m2/repository/org/springframework/boot/spring-boot-test-autoconfigure/3.1.5/spring-boot-test-autoconfigure-3.1.5.jar:/Users/rruiter/Desktop/coalitionbuilder/coalitionbuilder_be/ruiterr/.m2/repository/com/jayway/jsonpath/json-path/2.8.0/json-path-2.8.0.jar:/Users/rruiter/Desktop/coalitionbuilder/coalitionbuilder_be/ruiterr/.m2/repository/jakarta/xml/bind/jakarta.xml.bind-api/4.0.1/jakarta.xml.bind-api-4.0.1.jar:/Users/rruiter/Desktop/coalitionbuilder/coalitionbuilder_be/ruiterr/.m2/repository/jakarta/activation/jakarta.activation-api/2.1.2/jakarta.activation-api-2.1.2.jar:/Users/rruiter/Desktop/coalitionbuilder/coalitionbuilder_be/ruiterr/.m2/repository/net/minidev/json-smart/2.4.11/json-smart-2.4.11.jar:/Users/rruiter/Desktop/coalitionbuilder/coalitionbuilder_be/ruiterr/.m2/repository/net/minidev/accessors-smart/2.4.11/accessors-smart-2.4.11.jar:/Users/rruiter/Desktop/coalitionbuilder/coalitionbuilder_be/ruiterr/.m2/repository/org/ow2/asm/asm/9.3/asm-9.3.jar:/Users/rruiter/Desktop/coalitionbuilder/coalitionbuilder_be/ruiterr/.m2/repository/org/assertj/assertj-core/3.24.2/assertj-core-3.24.2.jar:/Users/rruiter/Desktop/coalitionbuilder/coalitionbuilder_be/ruiterr/.m2/repository/org/hamcrest/hamcrest/2.2/hamcrest-2.2.jar:/Users/rruiter/Desktop/coalitionbuilder/coalitionbuilder_be/ruiterr/.m2/repository/org/junit/jupiter/junit-jupiter/5.9.3/junit-jupiter-5.9.3.jar:/Users/rruiter/Desktop/coalitionbuilder/coalitionbuilder_be/ruiterr/.m2/repository/org/junit/jupiter/junit-jupiter-api/5.9.3/junit-jupiter-api-5.9.3.jar:/Users/rruiter/Desktop/coalitionbuilder/coalitionbuilder_be/ruiterr/.m2/repository/org/opentest4j/opentest4j/1.2.0/opentest4j-1.2.0.jar:/Users/rruiter/Desktop/coalitionbuilder/coalitionbuilder_be/ruiterr/.m2/repository/org/junit/platform/junit-platform-commons/1.9.3/junit-platform-commons-1.9.3.jar:/Users/rruiter/Desktop/coalitionbuilder/coalitionbuilder_be/ruiterr/.m2/repository/org/apiguardian/apiguardian-api/1.1.2/apiguardian-api-1.1.2.jar:/Users/rruiter/Desktop/coalitionbuilder/coalitionbuilder_be/ruiterr/.m2/repository/org/junit/jupiter/junit-jupiter-params/5.9.3/junit-jupiter-params-5.9.3.jar:/Users/rruiter/Desktop/coalitionbuilder/coalitionbuilder_be/ruiterr/.m2/repository/org/junit/jupiter/junit-jupiter-engine/5.9.3/junit-jupiter-engine-5.9.3.jar:/Users/rruiter/Desktop/coalitionbuilder/coalitionbuilder_be/ruiterr/.m2/repository/org/junit/platform/junit-platform-engine/1.9.3/junit-platform-engine-1.9.3.jar:/Users/rruiter/Desktop/coalitionbuilder/coalitionbuilder_be/ruiterr/.m2/repository/org/mockito/mockito-core/5.3.1/mockito-core-5.3.1.jar:/Users/rruiter/Desktop/coalitionbuilder/coalitionbuilder_be/ruiterr/.m2/repository/net/bytebuddy/byte-buddy-agent/1.14.9/byte-buddy-agent-1.14.9.jar:/Users/rruiter/Desktop/coalitionbuilder/coalitionbuilder_be/ruiterr/.m2/repository/org/objenesis/objenesis/3.3/objenesis-3.3.jar:/Users/rruiter/Desktop/coalitionbuilder/coalitionbuilder_be/ruiterr/.m2/repository/org/mockito/mockito-junit-jupiter/5.3.1/mockito-junit-jupiter-5.3.1.jar:/Users/rruiter/Desktop/coalitionbuilder/coalitionbuilder_be/ruiterr/.m2/repository/org/skyscreamer/jsonassert/1.5.1/jsonassert-1.5.1.jar:/Users/rruiter/Desktop/coalitionbuilder/coalitionbuilder_be/ruiterr/.m2/repository/com/vaadin/external/google/android-json/0.0.20131108.vaadin1/android-json-0.0.20131108.vaadin1.jar:/Users/rruiter/Desktop/coalitionbuilder/coalitionbuilder_be/ruiterr/.m2/repository/org/springframework/spring-test/6.0.13/spring-test-6.0.13.jar:/Users/rruiter/Desktop/coalitionbuilder/coalitionbuilder_be/ruiterr/.m2/repository/org/xmlunit/xmlunit-core/2.9.1/xmlunit-core-2.9.1.jar:/Users/rruiter/Desktop/coalitionbuilder/coalitionbuilder_be/ruiterr/.m2/repository/junit/junit/4.13.2/junit-4.13.2.jar:/Users/rruiter/Desktop/coalitionbuilder/coalitionbuilder_be/ruiterr/.m2/repository/org/hamcrest/hamcrest-core/2.2/hamcrest-core-2.2.jar:"/>
    <property name="java.vm.vendor" value="Azul Systems, Inc."/>
    <property name="sun.arch.data.model" value="64"/>
    <property name="java.vendor.url" value="http://www.azul.com/"/>
    <property name="user.timezone" value="Europe/Amsterdam"/>
    <property name="org.jboss.logging.provider" value="slf4j"/>
    <property name="os.name" value="Mac OS X"/>
    <property name="java.vm.specification.version" value="17"/>
    <property name="sun.java.launcher" value="SUN_STANDARD"/>
    <property name="user.country" value="NL"/>
    <property name="sun.boot.library.path" value="/usr/local/opt/java/zulu-17.jdk/Contents/Home/lib"/>
    <property name="sun.java.command" value="/Users/rruiter/Desktop/coalitionbuilder/coalitionbuilder_be/target/surefire/surefirebooter-20231124123420881_3.jar /Users/rruiter/Desktop/coalitionbuilder/coalitionbuilder_be/target/surefire 2023-11-24T12-34-20_466-jvmRun1 surefire-20231124123420881_1tmp surefire_0-20231124123420881_2tmp"/>
    <property name="http.nonProxyHosts" value="local|*.local|169.254/16|*.169.254/16"/>
    <property name="jdk.debug" value="release"/>
    <property name="surefire.test.class.path" value="/Users/rruiter/Desktop/coalitionbuilder/coalitionbuilder_be/target/test-classes:/Users/rruiter/Desktop/coalitionbuilder/coalitionbuilder_be/target/classes:/Users/rruiter/Desktop/coalitionbuilder/coalitionbuilder_be/ruiterr/.m2/repository/org/springframework/boot/spring-boot-starter/3.1.5/spring-boot-starter-3.1.5.jar:/Users/rruiter/Desktop/coalitionbuilder/coalitionbuilder_be/ruiterr/.m2/repository/org/springframework/boot/spring-boot/3.1.5/spring-boot-3.1.5.jar:/Users/rruiter/Desktop/coalitionbuilder/coalitionbuilder_be/ruiterr/.m2/repository/org/springframework/spring-context/6.0.13/spring-context-6.0.13.jar:/Users/rruiter/Desktop/coalitionbuilder/coalitionbuilder_be/ruiterr/.m2/repository/org/springframework/boot/spring-boot-autoconfigure/3.1.5/spring-boot-autoconfigure-3.1.5.jar:/Users/rruiter/Desktop/coalitionbuilder/coalitionbuilder_be/ruiterr/.m2/repository/org/springframework/boot/spring-boot-starter-logging/3.1.5/spring-boot-starter-logging-3.1.5.jar:/Users/rruiter/Desktop/coalitionbuilder/coalitionbuilder_be/ruiterr/.m2/repository/ch/qos/logback/logback-classic/1.4.11/logback-classic-1.4.11.jar:/Users/rruiter/Desktop/coalitionbuilder/coalitionbuilder_be/ruiterr/.m2/repository/ch/qos/logback/logback-core/1.4.11/logback-core-1.4.11.jar:/Users/rruiter/Desktop/coalitionbuilder/coalitionbuilder_be/ruiterr/.m2/repository/org/apache/logging/log4j/log4j-to-slf4j/2.20.0/log4j-to-slf4j-2.20.0.jar:/Users/rruiter/Desktop/coalitionbuilder/coalitionbuilder_be/ruiterr/.m2/repository/org/apache/logging/log4j/log4j-api/2.20.0/log4j-api-2.20.0.jar:/Users/rruiter/Desktop/coalitionbuilder/coalitionbuilder_be/ruiterr/.m2/repository/org/slf4j/jul-to-slf4j/2.0.9/jul-to-slf4j-2.0.9.jar:/Users/rruiter/Desktop/coalitionbuilder/coalitionbuilder_be/ruiterr/.m2/repository/jakarta/annotation/jakarta.annotation-api/2.1.1/jakarta.annotation-api-2.1.1.jar:/Users/rruiter/Desktop/coalitionbuilder/coalitionbuilder_be/ruiterr/.m2/repository/org/springframework/spring-core/6.0.13/spring-core-6.0.13.jar:/Users/rruiter/Desktop/coalitionbuilder/coalitionbuilder_be/ruiterr/.m2/repository/org/springframework/spring-jcl/6.0.13/spring-jcl-6.0.13.jar:/Users/rruiter/Desktop/coalitionbuilder/coalitionbuilder_be/ruiterr/.m2/repository/org/yaml/snakeyaml/1.33/snakeyaml-1.33.jar:/Users/rruiter/Desktop/coalitionbuilder/coalitionbuilder_be/ruiterr/.m2/repository/org/springframework/boot/spring-boot-starter-data-jpa/3.1.5/spring-boot-starter-data-jpa-3.1.5.jar:/Users/rruiter/Desktop/coalitionbuilder/coalitionbuilder_be/ruiterr/.m2/repository/org/springframework/boot/spring-boot-starter-aop/3.1.5/spring-boot-starter-aop-3.1.5.jar:/Users/rruiter/Desktop/coalitionbuilder/coalitionbuilder_be/ruiterr/.m2/repository/org/aspectj/aspectjweaver/1.9.20/aspectjweaver-1.9.20.jar:/Users/rruiter/Desktop/coalitionbuilder/coalitionbuilder_be/ruiterr/.m2/repository/org/springframework/boot/spring-boot-starter-jdbc/3.1.5/spring-boot-starter-jdbc-3.1.5.jar:/Users/rruiter/Desktop/coalitionbuilder/coalitionbuilder_be/ruiterr/.m2/repository/com/zaxxer/HikariCP/5.0.1/HikariCP-5.0.1.jar:/Users/rruiter/Desktop/coalitionbuilder/coalitionbuilder_be/ruiterr/.m2/repository/org/springframework/spring-jdbc/6.0.13/spring-jdbc-6.0.13.jar:/Users/rruiter/Desktop/coalitionbuilder/coalitionbuilder_be/ruiterr/.m2/repository/org/hibernate/orm/hibernate-core/6.2.13.Final/hibernate-core-6.2.13.Final.jar:/Users/rruiter/Desktop/coalitionbuilder/coalitionbuilder_be/ruiterr/.m2/repository/jakarta/persistence/jakarta.persistence-api/3.1.0/jakarta.persistence-api-3.1.0.jar:/Users/rruiter/Desktop/coalitionbuilder/coalitionbuilder_be/ruiterr/.m2/repository/jakarta/transaction/jakarta.transaction-api/2.0.1/jakarta.transaction-api-2.0.1.jar:/Users/rruiter/Desktop/coalitionbuilder/coalitionbuilder_be/ruiterr/.m2/repository/org/jboss/logging/jboss-logging/3.5.3.Final/jboss-logging-3.5.3.Final.jar:/Users/rruiter/Desktop/coalitionbuilder/coalitionbuilder_be/ruiterr/.m2/repository/org/hibernate/common/hibernate-commons-annotations/6.0.6.Final/hibernate-commons-annotations-6.0.6.Final.jar:/Users/rruiter/Desktop/coalitionbuilder/coalitionbuilder_be/ruiterr/.m2/repository/io/smallrye/jandex/3.0.5/jandex-3.0.5.jar:/Users/rruiter/Desktop/coalitionbuilder/coalitionbuilder_be/ruiterr/.m2/repository/com/fasterxml/classmate/1.5.1/classmate-1.5.1.jar:/Users/rruiter/Desktop/coalitionbuilder/coalitionbuilder_be/ruiterr/.m2/repository/net/bytebuddy/byte-buddy/1.14.9/byte-buddy-1.14.9.jar:/Users/rruiter/Desktop/coalitionbuilder/coalitionbuilder_be/ruiterr/.m2/repository/org/glassfish/jaxb/jaxb-runtime/4.0.3/jaxb-runtime-4.0.3.jar:/Users/rruiter/Desktop/coalitionbuilder/coalitionbuilder_be/ruiterr/.m2/repository/org/glassfish/jaxb/jaxb-core/4.0.3/jaxb-core-4.0.3.jar:/Users/rruiter/Desktop/coalitionbuilder/coalitionbuilder_be/ruiterr/.m2/repository/org/eclipse/angus/angus-activation/2.0.1/angus-activation-2.0.1.jar:/Users/rruiter/Desktop/coalitionbuilder/coalitionbuilder_be/ruiterr/.m2/repository/org/glassfish/jaxb/txw2/4.0.3/txw2-4.0.3.jar:/Users/rruiter/Desktop/coalitionbuilder/coalitionbuilder_be/ruiterr/.m2/repository/com/sun/istack/istack-commons-runtime/4.1.2/istack-commons-runtime-4.1.2.jar:/Users/rruiter/Desktop/coalitionbuilder/coalitionbuilder_be/ruiterr/.m2/repository/jakarta/inject/jakarta.inject-api/2.0.1/jakarta.inject-api-2.0.1.jar:/Users/rruiter/Desktop/coalitionbuilder/coalitionbuilder_be/ruiterr/.m2/repository/org/antlr/antlr4-runtime/4.10.1/antlr4-runtime-4.10.1.jar:/Users/rruiter/Desktop/coalitionbuilder/coalitionbuilder_be/ruiterr/.m2/repository/org/springframework/data/spring-data-jpa/3.1.5/spring-data-jpa-3.1.5.jar:/Users/rruiter/Desktop/coalitionbuilder/coalitionbuilder_be/ruiterr/.m2/repository/org/springframework/data/spring-data-commons/3.1.5/spring-data-commons-3.1.5.jar:/Users/rruiter/Desktop/coalitionbuilder/coalitionbuilder_be/ruiterr/.m2/repository/org/springframework/spring-orm/6.0.13/spring-orm-6.0.13.jar:/Users/rruiter/Desktop/coalitionbuilder/coalitionbuilder_be/ruiterr/.m2/repository/org/springframework/spring-tx/6.0.13/spring-tx-6.0.13.jar:/Users/rruiter/Desktop/coalitionbuilder/coalitionbuilder_be/ruiterr/.m2/repository/org/springframework/spring-beans/6.0.13/spring-beans-6.0.13.jar:/Users/rruiter/Desktop/coalitionbuilder/coalitionbuilder_be/ruiterr/.m2/repository/org/slf4j/slf4j-api/2.0.9/slf4j-api-2.0.9.jar:/Users/rruiter/Desktop/coalitionbuilder/coalitionbuilder_be/ruiterr/.m2/repository/org/springframework/spring-aspects/6.0.13/spring-aspects-6.0.13.jar:/Users/rruiter/Desktop/coalitionbuilder/coalitionbuilder_be/ruiterr/.m2/repository/org/springframework/boot/spring-boot-starter-security/3.1.5/spring-boot-starter-security-3.1.5.jar:/Users/rruiter/Desktop/coalitionbuilder/coalitionbuilder_be/ruiterr/.m2/repository/org/springframework/spring-aop/6.0.13/spring-aop-6.0.13.jar:/Users/rruiter/Desktop/coalitionbuilder/coalitionbuilder_be/ruiterr/.m2/repository/org/springframework/security/spring-security-config/6.1.5/spring-security-config-6.1.5.jar:/Users/rruiter/Desktop/coalitionbuilder/coalitionbuilder_be/ruiterr/.m2/repository/org/springframework/security/spring-security-core/6.1.5/spring-security-core-6.1.5.jar:/Users/rruiter/Desktop/coalitionbuilder/coalitionbuilder_be/ruiterr/.m2/repository/org/springframework/security/spring-security-crypto/6.1.5/spring-security-crypto-6.1.5.jar:/Users/rruiter/Desktop/coalitionbuilder/coalitionbuilder_be/ruiterr/.m2/repository/org/springframework/security/spring-security-web/6.1.5/spring-security-web-6.1.5.jar:/Users/rruiter/Desktop/coalitionbuilder/coalitionbuilder_be/ruiterr/.m2/repository/org/springframework/spring-expression/6.0.13/spring-expression-6.0.13.jar:/Users/rruiter/Desktop/coalitionbuilder/coalitionbuilder_be/ruiterr/.m2/repository/org/springframework/boot/spring-boot-starter-web/3.1.5/spring-boot-starter-web-3.1.5.jar:/Users/rruiter/Desktop/coalitionbuilder/coalitionbuilder_be/ruiterr/.m2/repository/org/springframework/boot/spring-boot-starter-json/3.1.5/spring-boot-starter-json-3.1.5.jar:/Users/rruiter/Desktop/coalitionbuilder/coalitionbuilder_be/ruiterr/.m2/repository/com/fasterxml/jackson/datatype/jackson-datatype-jdk8/2.15.3/jackson-datatype-jdk8-2.15.3.jar:/Users/rruiter/Desktop/coalitionbuilder/coalitionbuilder_be/ruiterr/.m2/repository/com/fasterxml/jackson/datatype/jackson-datatype-jsr310/2.15.3/jackson-datatype-jsr310-2.15.3.jar:/Users/rruiter/Desktop/coalitionbuilder/coalitionbuilder_be/ruiterr/.m2/repository/com/fasterxml/jackson/module/jackson-module-parameter-names/2.15.3/jackson-module-parameter-names-2.15.3.jar:/Users/rruiter/Desktop/coalitionbuilder/coalitionbuilder_be/ruiterr/.m2/repository/org/springframework/boot/spring-boot-starter-tomcat/3.1.5/spring-boot-starter-tomcat-3.1.5.jar:/Users/rruiter/Desktop/coalitionbuilder/coalitionbuilder_be/ruiterr/.m2/repository/org/apache/tomcat/embed/tomcat-embed-core/10.1.15/tomcat-embed-core-10.1.15.jar:/Users/rruiter/Desktop/coalitionbuilder/coalitionbuilder_be/ruiterr/.m2/repository/org/apache/tomcat/embed/tomcat-embed-el/10.1.15/tomcat-embed-el-10.1.15.jar:/Users/rruiter/Desktop/coalitionbuilder/coalitionbuilder_be/ruiterr/.m2/repository/org/apache/tomcat/embed/tomcat-embed-websocket/10.1.15/tomcat-embed-websocket-10.1.15.jar:/Users/rruiter/Desktop/coalitionbuilder/coalitionbuilder_be/ruiterr/.m2/repository/org/springframework/spring-web/6.0.13/spring-web-6.0.13.jar:/Users/rruiter/Desktop/coalitionbuilder/coalitionbuilder_be/ruiterr/.m2/repository/io/micrometer/micrometer-observation/1.11.5/micrometer-observation-1.11.5.jar:/Users/rruiter/Desktop/coalitionbuilder/coalitionbuilder_be/ruiterr/.m2/repository/io/micrometer/micrometer-commons/1.11.5/micrometer-commons-1.11.5.jar:/Users/rruiter/Desktop/coalitionbuilder/coalitionbuilder_be/ruiterr/.m2/repository/org/springframework/spring-webmvc/6.0.13/spring-webmvc-6.0.13.jar:/Users/rruiter/Desktop/coalitionbuilder/coalitionbuilder_be/ruiterr/.m2/repository/org/postgresql/postgresql/42.6.0/postgresql-42.6.0.jar:/Users/rruiter/Desktop/coalitionbuilder/coalitionbuilder_be/ruiterr/.m2/repository/org/checkerframework/checker-qual/3.31.0/checker-qual-3.31.0.jar:/Users/rruiter/Desktop/coalitionbuilder/coalitionbuilder_be/ruiterr/.m2/repository/org/projectlombok/lombok/1.18.30/lombok-1.18.30.jar:/Users/rruiter/Desktop/coalitionbuilder/coalitionbuilder_be/ruiterr/.m2/repository/io/jsonwebtoken/jjwt-api/0.11.5/jjwt-api-0.11.5.jar:/Users/rruiter/Desktop/coalitionbuilder/coalitionbuilder_be/ruiterr/.m2/repository/io/jsonwebtoken/jjwt-impl/0.11.5/jjwt-impl-0.11.5.jar:/Users/rruiter/Desktop/coalitionbuilder/coalitionbuilder_be/ruiterr/.m2/repository/io/jsonwebtoken/jjwt-jackson/0.11.5/jjwt-jackson-0.11.5.jar:/Users/rruiter/Desktop/coalitionbuilder/coalitionbuilder_be/ruiterr/.m2/repository/com/fasterxml/jackson/core/jackson-databind/2.15.3/jackson-databind-2.15.3.jar:/Users/rruiter/Desktop/coalitionbuilder/coalitionbuilder_be/ruiterr/.m2/repository/com/fasterxml/jackson/core/jackson-annotations/2.15.3/jackson-annotations-2.15.3.jar:/Users/rruiter/Desktop/coalitionbuilder/coalitionbuilder_be/ruiterr/.m2/repository/com/fasterxml/jackson/core/jackson-core/2.15.3/jackson-core-2.15.3.jar:/Users/rruiter/Desktop/coalitionbuilder/coalitionbuilder_be/ruiterr/.m2/repository/org/springframework/boot/spring-boot-starter-test/3.1.5/spring-boot-starter-test-3.1.5.jar:/Users/rruiter/Desktop/coalitionbuilder/coalitionbuilder_be/ruiterr/.m2/repository/org/springframework/boot/spring-boot-test/3.1.5/spring-boot-test-3.1.5.jar:/Users/rruiter/Desktop/coalitionbuilder/coalitionbuilder_be/ruiterr/.m2/repository/org/springframework/boot/spring-boot-test-autoconfigure/3.1.5/spring-boot-test-autoconfigure-3.1.5.jar:/Users/rruiter/Desktop/coalitionbuilder/coalitionbuilder_be/ruiterr/.m2/repository/com/jayway/jsonpath/json-path/2.8.0/json-path-2.8.0.jar:/Users/rruiter/Desktop/coalitionbuilder/coalitionbuilder_be/ruiterr/.m2/repository/jakarta/xml/bind/jakarta.xml.bind-api/4.0.1/jakarta.xml.bind-api-4.0.1.jar:/Users/rruiter/Desktop/coalitionbuilder/coalitionbuilder_be/ruiterr/.m2/repository/jakarta/activation/jakarta.activation-api/2.1.2/jakarta.activation-api-2.1.2.jar:/Users/rruiter/Desktop/coalitionbuilder/coalitionbuilder_be/ruiterr/.m2/repository/net/minidev/json-smart/2.4.11/json-smart-2.4.11.jar:/Users/rruiter/Desktop/coalitionbuilder/coalitionbuilder_be/ruiterr/.m2/repository/net/minidev/accessors-smart/2.4.11/accessors-smart-2.4.11.jar:/Users/rruiter/Desktop/coalitionbuilder/coalitionbuilder_be/ruiterr/.m2/repository/org/ow2/asm/asm/9.3/asm-9.3.jar:/Users/rruiter/Desktop/coalitionbuilder/coalitionbuilder_be/ruiterr/.m2/repository/org/assertj/assertj-core/3.24.2/assertj-core-3.24.2.jar:/Users/rruiter/Desktop/coalitionbuilder/coalitionbuilder_be/ruiterr/.m2/repository/org/hamcrest/hamcrest/2.2/hamcrest-2.2.jar:/Users/rruiter/Desktop/coalitionbuilder/coalitionbuilder_be/ruiterr/.m2/repository/org/junit/jupiter/junit-jupiter/5.9.3/junit-jupiter-5.9.3.jar:/Users/rruiter/Desktop/coalitionbuilder/coalitionbuilder_be/ruiterr/.m2/repository/org/junit/jupiter/junit-jupiter-api/5.9.3/junit-jupiter-api-5.9.3.jar:/Users/rruiter/Desktop/coalitionbuilder/coalitionbuilder_be/ruiterr/.m2/repository/org/opentest4j/opentest4j/1.2.0/opentest4j-1.2.0.jar:/Users/rruiter/Desktop/coalitionbuilder/coalitionbuilder_be/ruiterr/.m2/repository/org/junit/platform/junit-platform-commons/1.9.3/junit-platform-commons-1.9.3.jar:/Users/rruiter/Desktop/coalitionbuilder/coalitionbuilder_be/ruiterr/.m2/repository/org/apiguardian/apiguardian-api/1.1.2/apiguardian-api-1.1.2.jar:/Users/rruiter/Desktop/coalitionbuilder/coalitionbuilder_be/ruiterr/.m2/repository/org/junit/jupiter/junit-jupiter-params/5.9.3/junit-jupiter-params-5.9.3.jar:/Users/rruiter/Desktop/coalitionbuilder/coalitionbuilder_be/ruiterr/.m2/repository/org/junit/jupiter/junit-jupiter-engine/5.9.3/junit-jupiter-engine-5.9.3.jar:/Users/rruiter/Desktop/coalitionbuilder/coalitionbuilder_be/ruiterr/.m2/repository/org/junit/platform/junit-platform-engine/1.9.3/junit-platform-engine-1.9.3.jar:/Users/rruiter/Desktop/coalitionbuilder/coalitionbuilder_be/ruiterr/.m2/repository/org/mockito/mockito-core/5.3.1/mockito-core-5.3.1.jar:/Users/rruiter/Desktop/coalitionbuilder/coalitionbuilder_be/ruiterr/.m2/repository/net/bytebuddy/byte-buddy-agent/1.14.9/byte-buddy-agent-1.14.9.jar:/Users/rruiter/Desktop/coalitionbuilder/coalitionbuilder_be/ruiterr/.m2/repository/org/objenesis/objenesis/3.3/objenesis-3.3.jar:/Users/rruiter/Desktop/coalitionbuilder/coalitionbuilder_be/ruiterr/.m2/repository/org/mockito/mockito-junit-jupiter/5.3.1/mockito-junit-jupiter-5.3.1.jar:/Users/rruiter/Desktop/coalitionbuilder/coalitionbuilder_be/ruiterr/.m2/repository/org/skyscreamer/jsonassert/1.5.1/jsonassert-1.5.1.jar:/Users/rruiter/Desktop/coalitionbuilder/coalitionbuilder_be/ruiterr/.m2/repository/com/vaadin/external/google/android-json/0.0.20131108.vaadin1/android-json-0.0.20131108.vaadin1.jar:/Users/rruiter/Desktop/coalitionbuilder/coalitionbuilder_be/ruiterr/.m2/repository/org/springframework/spring-test/6.0.13/spring-test-6.0.13.jar:/Users/rruiter/Desktop/coalitionbuilder/coalitionbuilder_be/ruiterr/.m2/repository/org/xmlunit/xmlunit-core/2.9.1/xmlunit-core-2.9.1.jar:/Users/rruiter/Desktop/coalitionbuilder/coalitionbuilder_be/ruiterr/.m2/repository/junit/junit/4.13.2/junit-4.13.2.jar:/Users/rruiter/Desktop/coalitionbuilder/coalitionbuilder_be/ruiterr/.m2/repository/org/hamcrest/hamcrest-core/2.2/hamcrest-core-2.2.jar:"/>
    <property name="sun.cpu.endian" value="little"/>
    <property name="user.home" value="/Users/rruiter"/>
    <property name="user.language" value="en"/>
    <property name="java.specification.vendor" value="Oracle Corporation"/>
    <property name="java.version.date" value="2022-08-12"/>
    <property name="java.home" value="/usr/local/opt/java/zulu-17.jdk/Contents/Home"/>
    <property name="file.separator" value="/"/>
    <property name="basedir" value="/Users/rruiter/Desktop/coalitionbuilder/coalitionbuilder_be"/>
    <property name="java.vm.compressedOopsMode" value="Zero based"/>
    <property name="line.separator" value="&#10;"/>
    <property name="java.vm.specification.vendor" value="Oracle Corporation"/>
    <property name="java.specification.name" value="Java Platform API Specification"/>
    <property name="FILE_LOG_CHARSET" value="US-ASCII"/>
    <property name="java.awt.headless" value="true"/>
    <property name="surefire.real.class.path" value="/Users/rruiter/Desktop/coalitionbuilder/coalitionbuilder_be/target/surefire/surefirebooter-20231124123420881_3.jar"/>
    <property name="sun.management.compiler" value="HotSpot 64-Bit Tiered Compilers"/>
    <property name="ftp.nonProxyHosts" value="local|*.local|169.254/16|*.169.254/16"/>
    <property name="java.runtime.version" value="17.0.4.1+1-LTS"/>
    <property name="user.name" value="rruiter"/>
    <property name="path.separator" value=":"/>
    <property name="os.version" value="12.6.4"/>
    <property name="java.runtime.name" value="OpenJDK Runtime Environment"/>
    <property name="file.encoding" value="US-ASCII"/>
    <property name="java.vm.name" value="OpenJDK 64-Bit Server VM"/>
    <property name="java.vendor.version" value="Zulu17.36+17-CA"/>
    <property name="localRepository" value="/Users/rruiter/Desktop/coalitionbuilder/coalitionbuilder_be/ruiterr/.m2/repository"/>
    <property name="java.vendor.url.bug" value="http://www.azul.com/support/"/>
    <property name="java.io.tmpdir" value="/var/folders/0b/zp57yjpj5fb_2thmx78vvdq80000gn/T/"/>
    <property name="com.zaxxer.hikari.pool_number" value="1"/>
    <property name="java.version" value="17.0.4.1"/>
    <property name="user.dir" value="/Users/rruiter/Desktop/coalitionbuilder/coalitionbuilder_be"/>
    <property name="os.arch" value="aarch64"/>
    <property name="java.vm.specification.name" value="Java Virtual Machine Specification"/>
    <property name="PID" value="8579"/>
    <property name="CONSOLE_LOG_CHARSET" value="US-ASCII"/>
    <property name="native.encoding" value="US-ASCII"/>
    <property name="java.library.path" value="/Users/rruiter/Library/Java/Extensions:/Library/Java/Extensions:/Network/Library/Java/Extensions:/System/Library/Java/Extensions:/usr/lib/java:."/>
    <property name="java.vm.info" value="mixed mode, sharing"/>
    <property name="java.vendor" value="Azul Systems, Inc."/>
    <property name="java.vm.version" value="17.0.4.1+1-LTS"/>
    <property name="sun.io.unicode.encoding" value="UnicodeBig"/>
    <property name="socksNonProxyHosts" value="local|*.local|169.254/16|*.169.254/16"/>
    <property name="java.class.version" value="61.0"/>
  </properties>
  <testcase name="contextLoads" classname="com.coaltionbuilder.coalitionbuilder_be.CoalitionbuilderBeApplicationTests" time="0.305">
    <system-out><![CDATA[12:34:21.248 [main] INFO org.springframework.test.context.support.AnnotationConfigContextLoaderUtils -- Could not detect default configuration classes for test class [com.coaltionbuilder.coalitionbuilder_be.CoalitionbuilderBeApplicationTests]: CoalitionbuilderBeApplicationTests does not declare any static, non-private, non-final, nested classes annotated with @Configuration.
12:34:21.300 [main] INFO org.springframework.boot.test.context.SpringBootTestContextBootstrapper -- Found @SpringBootConfiguration com.coaltionbuilder.coalitionbuilder_be.CoalitionbuilderBeApplication for test class com.coaltionbuilder.coalitionbuilder_be.CoalitionbuilderBeApplicationTests

  .   ____          _            __ _ _
 /\\ / ___'_ __ _ _(_)_ __  __ _ \ \ \ \
( ( )\___ | '_ | '_| | '_ \/ _` | \ \ \ \
 \\/  ___)| |_)| | | | | || (_| |  ) ) ) )
  '  |____| .__|_| |_|_| |_\__, | / / / /
 =========|_|==============|___/=/_/_/_/
 :: Spring Boot ::                (v3.1.5)

2023-11-24T12:34:21.505+01:00  INFO 8579 --- [           main] c.c.c.CoalitionbuilderBeApplicationTests : Starting CoalitionbuilderBeApplicationTests using Java 17.0.4.1 with PID 8579 (started by rruiter in /Users/rruiter/Desktop/coalitionbuilder/coalitionbuilder_be)
2023-11-24T12:34:21.506+01:00  INFO 8579 --- [           main] c.c.c.CoalitionbuilderBeApplicationTests : No active profile set, falling back to 1 default profile: "default"
2023-11-24T12:34:21.807+01:00  INFO 8579 --- [           main] .s.d.r.c.RepositoryConfigurationDelegate : Bootstrapping Spring Data JPA repositories in DEFAULT mode.
2023-11-24T12:34:21.833+01:00  INFO 8579 --- [           main] .s.d.r.c.RepositoryConfigurationDelegate : Finished Spring Data repository scanning in 22 ms. Found 1 JPA repository interfaces.
2023-11-24T12:34:22.059+01:00  INFO 8579 --- [           main] o.hibernate.jpa.internal.util.LogHelper  : HHH000204: Processing PersistenceUnitInfo [name: default]
2023-11-24T12:34:22.089+01:00  INFO 8579 --- [           main] org.hibernate.Version                    : HHH000412: Hibernate ORM core version 6.2.13.Final
2023-11-24T12:34:22.090+01:00  INFO 8579 --- [           main] org.hibernate.cfg.Environment            : HHH000406: Using bytecode reflection optimizer
2023-11-24T12:34:22.232+01:00  INFO 8579 --- [           main] o.s.o.j.p.SpringPersistenceUnitInfo      : No LoadTimeWeaver setup: ignoring JPA class transformer
2023-11-24T12:34:22.245+01:00  INFO 8579 --- [           main] com.zaxxer.hikari.HikariDataSource       : HikariPool-1 - Starting...
2023-11-24T12:34:22.416+01:00  INFO 8579 --- [           main] com.zaxxer.hikari.pool.HikariPool        : HikariPool-1 - Added connection org.postgresql.jdbc.PgConnection@45eab322
2023-11-24T12:34:22.417+01:00  INFO 8579 --- [           main] com.zaxxer.hikari.HikariDataSource       : HikariPool-1 - Start completed.
2023-11-24T12:34:22.459+01:00  WARN 8579 --- [           main] org.hibernate.orm.deprecation            : HHH90000025: PostgreSQLDialect does not need to be specified explicitly using 'hibernate.dialect' (remove the property setting and it will be selected by default)
2023-11-24T12:34:22.918+01:00  INFO 8579 --- [           main] o.h.e.t.j.p.i.JtaPlatformInitiator       : HHH000489: No JTA platform available (set 'hibernate.transaction.jta.platform' to enable JTA platform integration)
Hibernate: 
    drop table if exists _user cascade
2023-11-24T12:34:22.927+01:00  WARN 8579 --- [           main] o.h.engine.jdbc.spi.SqlExceptionHelper   : SQL Warning Code: 0, SQLState: 00000
2023-11-24T12:34:22.928+01:00  WARN 8579 --- [           main] o.h.engine.jdbc.spi.SqlExceptionHelper   : table "_user" does not exist, skipping
Hibernate: 
    drop sequence if exists _user_seq
2023-11-24T12:34:22.928+01:00  WARN 8579 --- [           main] o.h.engine.jdbc.spi.SqlExceptionHelper   : SQL Warning Code: 0, SQLState: 00000
2023-11-24T12:34:22.928+01:00  WARN 8579 --- [           main] o.h.engine.jdbc.spi.SqlExceptionHelper   : sequence "_user_seq" does not exist, skipping
Hibernate: 
    create sequence _user_seq start with 1 increment by 50
Hibernate: 
    create table _user (
        id integer not null,
        email varchar(255),
        firstname varchar(255),
        lastname varchar(255),
        password varchar(255),
        role varchar(255) check (role in ('USER','ADMIN')),
        primary key (id)
    )
2023-11-24T12:34:22.962+01:00  INFO 8579 --- [           main] j.LocalContainerEntityManagerFactoryBean : Initialized JPA EntityManagerFactory for persistence unit 'default'
2023-11-24T12:34:23.146+01:00  WARN 8579 --- [           main] JpaBaseConfiguration$JpaWebConfiguration : spring.jpa.open-in-view is enabled by default. Therefore, database queries may be performed during view rendering. Explicitly configure spring.jpa.open-in-view to disable this warning
2023-11-24T12:34:23.200+01:00  INFO 8579 --- [           main] o.s.s.web.DefaultSecurityFilterChain     : Will secure any request with [org.springframework.security.web.session.DisableEncodeUrlFilter@32f45e15, org.springframework.security.web.context.request.async.WebAsyncManagerIntegrationFilter@4e7151b3, org.springframework.security.web.context.SecurityContextHolderFilter@633cad4d, org.springframework.security.web.header.HeaderWriterFilter@72406594, org.springframework.web.filter.CorsFilter@5ef7ae2f, org.springframework.security.web.authentication.logout.LogoutFilter@a84b6de, com.coaltionbuilder.coalitionbuilder_be.config.JwtAuthentificationFilter@21046afa, org.springframework.security.web.savedrequest.RequestCacheAwareFilter@5b86f4cb, org.springframework.security.web.servletapi.SecurityContextHolderAwareRequestFilter@4c0ab04f, org.springframework.security.web.authentication.AnonymousAuthenticationFilter@1bcf2c64, org.springframework.security.web.session.SessionManagementFilter@78f35e39, org.springframework.security.web.access.ExceptionTranslationFilter@254d8ef6, org.springframework.security.web.access.intercept.AuthorizationFilter@15fd3088]
2023-11-24T12:34:23.427+01:00  INFO 8579 --- [           main] c.c.c.CoalitionbuilderBeApplicationTests : Started CoalitionbuilderBeApplicationTests in 2.056 seconds (process running for 2.51)
]]></system-out>
  </testcase>
</testsuite>